<?xml version="1.0" encoding="UTF-8"?>
<testsuite name="testpackage.TestClass" tests="15" skipped="0" failures="0" errors="0" timestamp="2017-11-25T21:53:22" hostname="Asus-ПК" time="18.528">
  <properties/>
  <testcase name="task3aIsCorrect" classname="testpackage.TestClass" time="0.017"/>
  <testcase name="task3bIsCorrect" classname="testpackage.TestClass" time="0.013"/>
  <testcase name="task3cIsCorrect" classname="testpackage.TestClass" time="0.004"/>
  <testcase name="task3dIsCorrect" classname="testpackage.TestClass" time="0.01"/>
  <testcase name="task3eIsCorrect" classname="testpackage.TestClass" time="0.012"/>
  <testcase name="task3fIsCorrect" classname="testpackage.TestClass" time="0.011"/>
  <testcase name="task3gIsCorrect" classname="testpackage.TestClass" time="0.003"/>
  <testcase name="task3hIsCorrect" classname="testpackage.TestClass" time="0.006"/>
  <testcase name="task3iIsCorrect" classname="testpackage.TestClass" time="0.005"/>
  <testcase name="task3jIsCorrect" classname="testpackage.TestClass" time="0.004"/>
  <testcase name="task4aIsCorrect" classname="testpackage.TestClass" time="0.006"/>
  <testcase name="task4bIsCorrect" classname="testpackage.TestClass" time="0.038"/>
  <testcase name="task4cIsCorrect" classname="testpackage.TestClass" time="0.009"/>
  <testcase name="task4dIsCorrect" classname="testpackage.TestClass" time="0.004"/>
  <testcase name="task4iIsCorrect" classname="testpackage.TestClass" time="0.007"/>
  <system-out><![CDATA[]]></system-out>
  <system-err><![CDATA[]]></system-err>
</testsuite>
