<?xml version="1.0" encoding="UTF-8"?>
<testsuite name="TestClass" tests="1" skipped="0" failures="0" errors="0" timestamp="2017-11-16T13:12:26" hostname="Asus-ПК" time="0.002">
  <properties/>
  <testcase name="task_3_a_isCorrect" classname="TestClass" time="0.002"/>
  <system-out><![CDATA[]]></system-out>
  <system-err><![CDATA[]]></system-err>
</testsuite>
