<?xml version="1.0" encoding="UTF-8"?>
<testsuite name="TestClass" tests="15" skipped="0" failures="0" errors="0" timestamp="2017-11-16T21:03:13" hostname="Asus-ПК" time="18.854">
  <properties/>
  <testcase name="task_3_b_isCorrect" classname="TestClass" time="0.364"/>
  <testcase name="task_3_c_isCorrect" classname="TestClass" time="0.133"/>
  <testcase name="task_3_a_isCorrect" classname="TestClass" time="0.049"/>
  <testcase name="task_3_d_isCorrect" classname="TestClass" time="0.19"/>
  <testcase name="task_3_e_isCorrect" classname="TestClass" time="0.231"/>
  <testcase name="task_3_f_isCorrect" classname="TestClass" time="0.05"/>
  <testcase name="task_3_g_isCorrect" classname="TestClass" time="0.082"/>
  <testcase name="task_3_h_isCorrect" classname="TestClass" time="0.079"/>
  <testcase name="task_3_i_isCorrect" classname="TestClass" time="0.082"/>
  <testcase name="task_3_j_isCorrect" classname="TestClass" time="0.158"/>
  <testcase name="task_4_a_isCorrect" classname="TestClass" time="0.064"/>
  <testcase name="task_4_b_isCorrect" classname="TestClass" time="0.17"/>
  <testcase name="task_4_c_isCorrect" classname="TestClass" time="0.07"/>
  <testcase name="task_4_d_isCorrect" classname="TestClass" time="0.094"/>
  <testcase name="task_4_i_isCorrect" classname="TestClass" time="0.169"/>
  <system-out><![CDATA[]]></system-out>
  <system-err><![CDATA[]]></system-err>
</testsuite>
