<?xml version="1.0" encoding="UTF-8"?>
<testsuite name="testPackage.TestClass" tests="15" skipped="0" failures="0" errors="0" timestamp="2017-11-25T21:35:28" hostname="Asus-ПК" time="23.429">
  <properties/>
  <testcase name="task3aIsCorrect" classname="testPackage.TestClass" time="0.314"/>
  <testcase name="task3bIsCorrect" classname="testPackage.TestClass" time="0.129"/>
  <testcase name="task3cIsCorrect" classname="testPackage.TestClass" time="0.099"/>
  <testcase name="task3dIsCorrect" classname="testPackage.TestClass" time="0.169"/>
  <testcase name="task3eIsCorrect" classname="testPackage.TestClass" time="0.705"/>
  <testcase name="task3fIsCorrect" classname="testPackage.TestClass" time="0.074"/>
  <testcase name="task3gIsCorrect" classname="testPackage.TestClass" time="0.1"/>
  <testcase name="task3hIsCorrect" classname="testPackage.TestClass" time="0.1"/>
  <testcase name="task3iIsCorrect" classname="testPackage.TestClass" time="0.056"/>
  <testcase name="task3jIsCorrect" classname="testPackage.TestClass" time="0.146"/>
  <testcase name="task4aIsCorrect" classname="testPackage.TestClass" time="0.054"/>
  <testcase name="task4bIsCorrect" classname="testPackage.TestClass" time="0.197"/>
  <testcase name="task4cIsCorrect" classname="testPackage.TestClass" time="0.099"/>
  <testcase name="task4dIsCorrect" classname="testPackage.TestClass" time="0.062"/>
  <testcase name="task4iIsCorrect" classname="testPackage.TestClass" time="0.216"/>
  <system-out><![CDATA[]]></system-out>
  <system-err><![CDATA[]]></system-err>
</testsuite>
